<?xml version="1.0" encoding="UTF-8"?>
<!-- Generated by org.testng.reporters.JUnitXMLReporter -->
<testsuite hostname="Alex" tests="5" failures="4" timestamp="6 Sep 2016 04:53:31 GMT" time="106.568" errors="0">
  <testcase name="checkSendingMail" time="101.232" classname="TestTut"/>
  <testcase name="checkSendingMail" time="0.952" classname="TestTut">
    <failure type="com.sun.mail.smtp.SMTPSendFailedException" message="553 5.7.1 Sender address rejected: not owned by auth user.
">
      <![CDATA[com.sun.mail.smtp.SMTPSendFailedException: 553 5.7.1 Sender address rejected: not owned by auth user.
;
  nested exception is:
	com.sun.mail.smtp.SMTPSenderFailedException: 553 5.7.1 Sender address rejected: not owned by auth user.

	at com.sun.mail.smtp.SMTPTransport.issueSendCommand(SMTPTransport.java:2108)
	at com.sun.mail.smtp.SMTPTransport.mailFrom(SMTPTransport.java:1609)
	at com.sun.mail.smtp.SMTPTransport.sendMessage(SMTPTransport.java:1117)
	at javax.mail.Transport.send0(Transport.java:195)
	at javax.mail.Transport.send(Transport.java:124)
	at Function.sendEmail(Function.java:38)
	at TestTut.checkSendingMail(TestTut.java:35)
Caused by: com.sun.mail.smtp.SMTPSenderFailedException: 553 5.7.1 Sender address rejected: not owned by auth user.

	at com.sun.mail.smtp.SMTPTransport.mailFrom(SMTPTransport.java:1616)
	... 39 more
... Removed 34 stack frames]]>
    </failure>
  </testcase> <!-- checkSendingMail -->
  <testcase name="checkSendingMail" time="1.034" classname="TestTut">
    <failure type="com.sun.mail.smtp.SMTPSendFailedException" message="553 5.7.1 Sender address rejected: not owned by auth user.
">
      <![CDATA[com.sun.mail.smtp.SMTPSendFailedException: 553 5.7.1 Sender address rejected: not owned by auth user.
;
  nested exception is:
	com.sun.mail.smtp.SMTPSenderFailedException: 553 5.7.1 Sender address rejected: not owned by auth user.

	at com.sun.mail.smtp.SMTPTransport.issueSendCommand(SMTPTransport.java:2108)
	at com.sun.mail.smtp.SMTPTransport.mailFrom(SMTPTransport.java:1609)
	at com.sun.mail.smtp.SMTPTransport.sendMessage(SMTPTransport.java:1117)
	at javax.mail.Transport.send0(Transport.java:195)
	at javax.mail.Transport.send(Transport.java:124)
	at Function.sendEmail(Function.java:38)
	at TestTut.checkSendingMail(TestTut.java:35)
Caused by: com.sun.mail.smtp.SMTPSenderFailedException: 553 5.7.1 Sender address rejected: not owned by auth user.

	at com.sun.mail.smtp.SMTPTransport.mailFrom(SMTPTransport.java:1616)
	... 39 more
... Removed 34 stack frames]]>
    </failure>
  </testcase> <!-- checkSendingMail -->
  <testcase name="checkSendingMail" time="0.843" classname="TestTut">
    <failure type="com.sun.mail.smtp.SMTPSendFailedException" message="553 5.7.1 Sender address rejected: not owned by auth user.
">
      <![CDATA[com.sun.mail.smtp.SMTPSendFailedException: 553 5.7.1 Sender address rejected: not owned by auth user.
;
  nested exception is:
	com.sun.mail.smtp.SMTPSenderFailedException: 553 5.7.1 Sender address rejected: not owned by auth user.

	at com.sun.mail.smtp.SMTPTransport.issueSendCommand(SMTPTransport.java:2108)
	at com.sun.mail.smtp.SMTPTransport.mailFrom(SMTPTransport.java:1609)
	at com.sun.mail.smtp.SMTPTransport.sendMessage(SMTPTransport.java:1117)
	at javax.mail.Transport.send0(Transport.java:195)
	at javax.mail.Transport.send(Transport.java:124)
	at Function.sendEmail(Function.java:38)
	at TestTut.checkSendingMail(TestTut.java:35)
Caused by: com.sun.mail.smtp.SMTPSenderFailedException: 553 5.7.1 Sender address rejected: not owned by auth user.

	at com.sun.mail.smtp.SMTPTransport.mailFrom(SMTPTransport.java:1616)
	... 39 more
... Removed 34 stack frames]]>
    </failure>
  </testcase> <!-- checkSendingMail -->
  <testcase name="checkSendingMail" time="0.867" classname="TestTut">
    <failure type="com.sun.mail.smtp.SMTPSendFailedException" message="553 5.7.1 Sender address rejected: not owned by auth user.
">
      <![CDATA[com.sun.mail.smtp.SMTPSendFailedException: 553 5.7.1 Sender address rejected: not owned by auth user.
;
  nested exception is:
	com.sun.mail.smtp.SMTPSenderFailedException: 553 5.7.1 Sender address rejected: not owned by auth user.

	at com.sun.mail.smtp.SMTPTransport.issueSendCommand(SMTPTransport.java:2108)
	at com.sun.mail.smtp.SMTPTransport.mailFrom(SMTPTransport.java:1609)
	at com.sun.mail.smtp.SMTPTransport.sendMessage(SMTPTransport.java:1117)
	at javax.mail.Transport.send0(Transport.java:195)
	at javax.mail.Transport.send(Transport.java:124)
	at Function.sendEmail(Function.java:38)
	at TestTut.checkSendingMail(TestTut.java:35)
Caused by: com.sun.mail.smtp.SMTPSenderFailedException: 553 5.7.1 Sender address rejected: not owned by auth user.

	at com.sun.mail.smtp.SMTPTransport.mailFrom(SMTPTransport.java:1616)
	... 39 more
... Removed 34 stack frames]]>
    </failure>
  </testcase> <!-- checkSendingMail -->
</testsuite>
