-------------------------------------------------------------------------------
Test set: TestSuite
-------------------------------------------------------------------------------
Tests run: 5, Failures: 4, Errors: 0, Skipped: 0, Time elapsed: 113.091 sec <<< FAILURE!
checkSendingMail(TestTut)  Time elapsed: 0.957 sec  <<< FAILURE!
com.sun.mail.smtp.SMTPSendFailedException: 553 5.7.1 Sender address rejected: not owned by auth user.
;
  nested exception is:
	com.sun.mail.smtp.SMTPSenderFailedException: 553 5.7.1 Sender address rejected: not owned by auth user.

	at com.sun.mail.smtp.SMTPTransport.issueSendCommand(SMTPTransport.java:2108)
	at com.sun.mail.smtp.SMTPTransport.mailFrom(SMTPTransport.java:1609)
	at com.sun.mail.smtp.SMTPTransport.sendMessage(SMTPTransport.java:1117)
	at javax.mail.Transport.send0(Transport.java:195)
	at javax.mail.Transport.send(Transport.java:124)
	at Function.sendEmail(Function.java:38)
	at TestTut.checkSendingMail(TestTut.java:35)
Caused by: com.sun.mail.smtp.SMTPSenderFailedException: 553 5.7.1 Sender address rejected: not owned by auth user.

	at com.sun.mail.smtp.SMTPTransport.mailFrom(SMTPTransport.java:1616)
	... 39 more

checkSendingMail(TestTut)  Time elapsed: 1.034 sec  <<< FAILURE!
com.sun.mail.smtp.SMTPSendFailedException: 553 5.7.1 Sender address rejected: not owned by auth user.
;
  nested exception is:
	com.sun.mail.smtp.SMTPSenderFailedException: 553 5.7.1 Sender address rejected: not owned by auth user.

	at com.sun.mail.smtp.SMTPTransport.issueSendCommand(SMTPTransport.java:2108)
	at com.sun.mail.smtp.SMTPTransport.mailFrom(SMTPTransport.java:1609)
	at com.sun.mail.smtp.SMTPTransport.sendMessage(SMTPTransport.java:1117)
	at javax.mail.Transport.send0(Transport.java:195)
	at javax.mail.Transport.send(Transport.java:124)
	at Function.sendEmail(Function.java:38)
	at TestTut.checkSendingMail(TestTut.java:35)
Caused by: com.sun.mail.smtp.SMTPSenderFailedException: 553 5.7.1 Sender address rejected: not owned by auth user.

	at com.sun.mail.smtp.SMTPTransport.mailFrom(SMTPTransport.java:1616)
	... 39 more

checkSendingMail(TestTut)  Time elapsed: 0.849 sec  <<< FAILURE!
com.sun.mail.smtp.SMTPSendFailedException: 553 5.7.1 Sender address rejected: not owned by auth user.
;
  nested exception is:
	com.sun.mail.smtp.SMTPSenderFailedException: 553 5.7.1 Sender address rejected: not owned by auth user.

	at com.sun.mail.smtp.SMTPTransport.issueSendCommand(SMTPTransport.java:2108)
	at com.sun.mail.smtp.SMTPTransport.mailFrom(SMTPTransport.java:1609)
	at com.sun.mail.smtp.SMTPTransport.sendMessage(SMTPTransport.java:1117)
	at javax.mail.Transport.send0(Transport.java:195)
	at javax.mail.Transport.send(Transport.java:124)
	at Function.sendEmail(Function.java:38)
	at TestTut.checkSendingMail(TestTut.java:35)
Caused by: com.sun.mail.smtp.SMTPSenderFailedException: 553 5.7.1 Sender address rejected: not owned by auth user.

	at com.sun.mail.smtp.SMTPTransport.mailFrom(SMTPTransport.java:1616)
	... 39 more

checkSendingMail(TestTut)  Time elapsed: 0.869 sec  <<< FAILURE!
com.sun.mail.smtp.SMTPSendFailedException: 553 5.7.1 Sender address rejected: not owned by auth user.
;
  nested exception is:
	com.sun.mail.smtp.SMTPSenderFailedException: 553 5.7.1 Sender address rejected: not owned by auth user.

	at com.sun.mail.smtp.SMTPTransport.issueSendCommand(SMTPTransport.java:2108)
	at com.sun.mail.smtp.SMTPTransport.mailFrom(SMTPTransport.java:1609)
	at com.sun.mail.smtp.SMTPTransport.sendMessage(SMTPTransport.java:1117)
	at javax.mail.Transport.send0(Transport.java:195)
	at javax.mail.Transport.send(Transport.java:124)
	at Function.sendEmail(Function.java:38)
	at TestTut.checkSendingMail(TestTut.java:35)
Caused by: com.sun.mail.smtp.SMTPSenderFailedException: 553 5.7.1 Sender address rejected: not owned by auth user.

	at com.sun.mail.smtp.SMTPTransport.mailFrom(SMTPTransport.java:1616)
	... 39 more

